[debug] [2024-11-15T03:04:55.854Z] ----------------------------------------------------------------------
[debug] [2024-11-15T03:04:55.858Z] Command:       C:\Program Files\nodejs\node.exe C:\Users\DWU\AppData\Roaming\npm\node_modules\firebase-tools\lib\bin\firebase.js login
[debug] [2024-11-15T03:04:55.859Z] CLI Version:   13.23.1
[debug] [2024-11-15T03:04:55.860Z] Platform:      win32
[debug] [2024-11-15T03:04:55.860Z] Node Version:  v18.18.0
[debug] [2024-11-15T03:04:55.862Z] Time:          Fri Nov 15 2024 00:04:55 GMT-0300 (Horário Padrão de Brasília)
[debug] [2024-11-15T03:04:55.862Z] ----------------------------------------------------------------------
[debug] 
[debug] [2024-11-15T03:04:55.870Z] >>> [apiv2][query] GET https://firebase-public.firebaseio.com/cli.json [none]
[info] i  Firebase optionally collects CLI and Emulator Suite usage and error reporting information to help improve our products. Data is collected in accordance with Google's privacy policy (https://policies.google.com/privacy) and is not used to identify you.
 
[debug] [2024-11-15T03:04:56.536Z] <<< [apiv2][status] GET https://firebase-public.firebaseio.com/cli.json 200
[debug] [2024-11-15T03:04:56.537Z] <<< [apiv2][body] GET https://firebase-public.firebaseio.com/cli.json {"cloudBuildErrorAfter":1594252800000,"cloudBuildWarnAfter":1590019200000,"defaultNode10After":1594252800000,"minVersion":"3.0.5","node8DeploysDisabledAfter":1613390400000,"node8RuntimeDisabledAfter":1615809600000,"node8WarnAfter":1600128000000}
[info] i  To change your data collection preference at any time, run `firebase logout` and log in again. 
[info] 
[info] Visit this URL on this device to log in:
[info] https://accounts.google.com/o/oauth2/auth?client_id=563584335869-fgrhgmd47bqnekij5i8b5pr03ho849e6.apps.googleusercontent.com&scope=email%20openid%20https%3A%2F%2Fwww.googleapis.com%2Fauth%2Fcloudplatformprojects.readonly%20https%3A%2F%2Fwww.googleapis.com%2Fauth%2Ffirebase%20https%3A%2F%2Fwww.googleapis.com%2Fauth%2Fcloud-platform&response_type=code&state=167947315&redirect_uri=http%3A%2F%2Flocalhost%3A9005
[info] 
[info] Waiting for authentication...
[debug] [2024-11-15T03:05:47.153Z] Error: spawn cmd ENOENT
    at ChildProcess._handle.onexit (node:internal/child_process:284:19)
    at onErrorNT (node:internal/child_process:477:16)
    at process.processTicksAndRejections (node:internal/process/task_queues:82:21)
[error] 
[error] Error: An unexpected error has occurred.
[debug] [2024-11-15T03:06:37.876Z] ----------------------------------------------------------------------
[debug] [2024-11-15T03:06:37.880Z] Command:       C:\Program Files\nodejs\node.exe C:\Users\DWU\AppData\Roaming\npm\node_modules\firebase-tools\lib\bin\firebase.js login
[debug] [2024-11-15T03:06:37.881Z] CLI Version:   13.23.1
[debug] [2024-11-15T03:06:37.882Z] Platform:      win32
[debug] [2024-11-15T03:06:37.882Z] Node Version:  v18.18.0
[debug] [2024-11-15T03:06:37.883Z] Time:          Fri Nov 15 2024 00:06:37 GMT-0300 (Horário Padrão de Brasília)
[debug] [2024-11-15T03:06:37.884Z] ----------------------------------------------------------------------
[debug] 
[info] i  Firebase optionally collects CLI and Emulator Suite usage and error reporting information to help improve our products. Data is collected in accordance with Google's privacy policy (https://policies.google.com/privacy) and is not used to identify you.
 
[info] i  To change your data collection preference at any time, run `firebase logout` and log in again. 
[info] 
[info] Visit this URL on this device to log in:
[info] https://accounts.google.com/o/oauth2/auth?client_id=563584335869-fgrhgmd47bqnekij5i8b5pr03ho849e6.apps.googleusercontent.com&scope=email%20openid%20https%3A%2F%2Fwww.googleapis.com%2Fauth%2Fcloudplatformprojects.readonly%20https%3A%2F%2Fwww.googleapis.com%2Fauth%2Ffirebase%20https%3A%2F%2Fwww.googleapis.com%2Fauth%2Fcloud-platform&response_type=code&state=674069517&redirect_uri=http%3A%2F%2Flocalhost%3A9005
[info] 
[info] Waiting for authentication...
[debug] [2024-11-15T03:06:47.332Z] Error: spawn cmd ENOENT
    at ChildProcess._handle.onexit (node:internal/child_process:284:19)
    at onErrorNT (node:internal/child_process:477:16)
    at process.processTicksAndRejections (node:internal/process/task_queues:82:21)
[error] 
[error] Error: An unexpected error has occurred.
[debug] [2024-11-15T03:08:17.747Z] ----------------------------------------------------------------------
[debug] [2024-11-15T03:08:17.749Z] Command:       C:\Program Files\nodejs\node.exe C:\Users\DWU\AppData\Roaming\npm\node_modules\firebase-tools\lib\bin\firebase.js login
[debug] [2024-11-15T03:08:17.750Z] CLI Version:   13.23.1
[debug] [2024-11-15T03:08:17.750Z] Platform:      win32
[debug] [2024-11-15T03:08:17.750Z] Node Version:  v18.18.0
[debug] [2024-11-15T03:08:17.751Z] Time:          Fri Nov 15 2024 00:08:17 GMT-0300 (Horário Padrão de Brasília)
[debug] [2024-11-15T03:08:17.751Z] ----------------------------------------------------------------------
[debug] 
[info] i  Firebase optionally collects CLI and Emulator Suite usage and error reporting information to help improve our products. Data is collected in accordance with Google's privacy policy (https://policies.google.com/privacy) and is not used to identify you.
 
[info] i  To change your data collection preference at any time, run `firebase logout` and log in again. 
[info] 
[info] Visit this URL on this device to log in:
[info] https://accounts.google.com/o/oauth2/auth?client_id=563584335869-fgrhgmd47bqnekij5i8b5pr03ho849e6.apps.googleusercontent.com&scope=email%20openid%20https%3A%2F%2Fwww.googleapis.com%2Fauth%2Fcloudplatformprojects.readonly%20https%3A%2F%2Fwww.googleapis.com%2Fauth%2Ffirebase%20https%3A%2F%2Fwww.googleapis.com%2Fauth%2Fcloud-platform&response_type=code&state=577878924&redirect_uri=http%3A%2F%2Flocalhost%3A9005
[info] 
[info] Waiting for authentication...
[debug] [2024-11-15T03:08:23.953Z] Error: spawn cmd ENOENT
    at ChildProcess._handle.onexit (node:internal/child_process:284:19)
    at onErrorNT (node:internal/child_process:477:16)
    at process.processTicksAndRejections (node:internal/process/task_queues:82:21)
[error] 
[error] Error: An unexpected error has occurred.
[debug] [2024-11-15T03:09:27.399Z] ----------------------------------------------------------------------
[debug] [2024-11-15T03:09:27.404Z] Command:       C:\Program Files\nodejs\node.exe C:\Users\DWU\AppData\Roaming\npm\node_modules\firebase-tools\lib\bin\firebase.js login
[debug] [2024-11-15T03:09:27.405Z] CLI Version:   13.23.1
[debug] [2024-11-15T03:09:27.405Z] Platform:      win32
[debug] [2024-11-15T03:09:27.405Z] Node Version:  v18.18.0
[debug] [2024-11-15T03:09:27.407Z] Time:          Fri Nov 15 2024 00:09:27 GMT-0300 (Horário Padrão de Brasília)
[debug] [2024-11-15T03:09:27.407Z] ----------------------------------------------------------------------
[debug] 
[info] i  Firebase optionally collects CLI and Emulator Suite usage and error reporting information to help improve our products. Data is collected in accordance with Google's privacy policy (https://policies.google.com/privacy) and is not used to identify you.
 
[info] i  To change your data collection preference at any time, run `firebase logout` and log in again. 
[info] 
[info] Visit this URL on this device to log in:
[info] https://accounts.google.com/o/oauth2/auth?client_id=563584335869-fgrhgmd47bqnekij5i8b5pr03ho849e6.apps.googleusercontent.com&scope=email%20openid%20https%3A%2F%2Fwww.googleapis.com%2Fauth%2Fcloudplatformprojects.readonly%20https%3A%2F%2Fwww.googleapis.com%2Fauth%2Ffirebase%20https%3A%2F%2Fwww.googleapis.com%2Fauth%2Fcloud-platform&response_type=code&state=402925561&redirect_uri=http%3A%2F%2Flocalhost%3A9005
[info] 
[info] Waiting for authentication...
[debug] [2024-11-15T03:09:41.898Z] Error: spawn cmd ENOENT
    at ChildProcess._handle.onexit (node:internal/child_process:284:19)
    at onErrorNT (node:internal/child_process:477:16)
    at process.processTicksAndRejections (node:internal/process/task_queues:82:21)
[error] 
[error] Error: An unexpected error has occurred.
[debug] [2024-11-15T03:12:31.629Z] ----------------------------------------------------------------------
[debug] [2024-11-15T03:12:31.631Z] Command:       C:\Program Files\nodejs\node.exe C:\Users\DWU\AppData\Roaming\npm\node_modules\firebase-tools\lib\bin\firebase.js login
[debug] [2024-11-15T03:12:31.631Z] CLI Version:   13.23.1
[debug] [2024-11-15T03:12:31.631Z] Platform:      win32
[debug] [2024-11-15T03:12:31.631Z] Node Version:  v18.18.0
[debug] [2024-11-15T03:12:31.632Z] Time:          Fri Nov 15 2024 00:12:31 GMT-0300 (Horário Padrão de Brasília)
[debug] [2024-11-15T03:12:31.632Z] ----------------------------------------------------------------------
[debug] 
[info] i  Firebase optionally collects CLI and Emulator Suite usage and error reporting information to help improve our products. Data is collected in accordance with Google's privacy policy (https://policies.google.com/privacy) and is not used to identify you.
 
[info] i  To change your data collection preference at any time, run `firebase logout` and log in again. 
[info] 
[info] Visit this URL on this device to log in:
[info] https://accounts.google.com/o/oauth2/auth?client_id=563584335869-fgrhgmd47bqnekij5i8b5pr03ho849e6.apps.googleusercontent.com&scope=email%20openid%20https%3A%2F%2Fwww.googleapis.com%2Fauth%2Fcloudplatformprojects.readonly%20https%3A%2F%2Fwww.googleapis.com%2Fauth%2Ffirebase%20https%3A%2F%2Fwww.googleapis.com%2Fauth%2Fcloud-platform&response_type=code&state=854789501&redirect_uri=http%3A%2F%2Flocalhost%3A9005
[info] 
[info] Waiting for authentication...
[debug] [2024-11-15T03:12:36.177Z] Error: spawn cmd ENOENT
    at ChildProcess._handle.onexit (node:internal/child_process:284:19)
    at onErrorNT (node:internal/child_process:477:16)
    at process.processTicksAndRejections (node:internal/process/task_queues:82:21)
[error] 
[error] Error: An unexpected error has occurred.
[debug] [2024-11-15T03:13:40.629Z] ----------------------------------------------------------------------
[debug] [2024-11-15T03:13:40.633Z] Command:       C:\Program Files\nodejs\node.exe C:\Users\DWU\AppData\Roaming\npm\node_modules\firebase-tools\lib\bin\firebase.js login
[debug] [2024-11-15T03:13:40.634Z] CLI Version:   13.23.1
[debug] [2024-11-15T03:13:40.634Z] Platform:      win32
[debug] [2024-11-15T03:13:40.635Z] Node Version:  v18.18.0
[debug] [2024-11-15T03:13:40.636Z] Time:          Fri Nov 15 2024 00:13:40 GMT-0300 (Horário Padrão de Brasília)
[debug] [2024-11-15T03:13:40.637Z] ----------------------------------------------------------------------
[debug] 
[info] i  Firebase optionally collects CLI and Emulator Suite usage and error reporting information to help improve our products. Data is collected in accordance with Google's privacy policy (https://policies.google.com/privacy) and is not used to identify you.
 
[info] i  To change your data collection preference at any time, run `firebase logout` and log in again. 
[info] 
[info] Visit this URL on this device to log in:
[info] https://accounts.google.com/o/oauth2/auth?client_id=563584335869-fgrhgmd47bqnekij5i8b5pr03ho849e6.apps.googleusercontent.com&scope=email%20openid%20https%3A%2F%2Fwww.googleapis.com%2Fauth%2Fcloudplatformprojects.readonly%20https%3A%2F%2Fwww.googleapis.com%2Fauth%2Ffirebase%20https%3A%2F%2Fwww.googleapis.com%2Fauth%2Fcloud-platform&response_type=code&state=110403843&redirect_uri=http%3A%2F%2Flocalhost%3A9005
[info] 
[info] Waiting for authentication...
[debug] [2024-11-15T03:13:50.195Z] Error: spawn cmd ENOENT
    at ChildProcess._handle.onexit (node:internal/child_process:284:19)
    at onErrorNT (node:internal/child_process:477:16)
    at process.processTicksAndRejections (node:internal/process/task_queues:82:21)
[error] 
[error] Error: An unexpected error has occurred.
